________________________________________________________________________________
Frame3DD version: 20140514+               http://frame3dd.sf.net/
GPL Copyright (C) 1992-2015, Henri P. Gavin 
Frame3DD is distributed in the hope that it will be useful but with no warranty.
For details see the GNU Public Licence: http://www.fsf.org/copyleft/gpl.html
________________________________________________________________________________

Example D: dynamic properties of an un-restrained frame with a triangular section 
Mon Dec  8 15:44:07 2025
________________________________________________________________________________
In 2D problems the Y-axis is vertical.  In 3D problems the Z-axis is vertical.
________________________________________________________________________________
   24 NODES              0 FIXED NODES       30 FRAME ELEMENTS   1 LOAD CASES   
________________________________________________________________________________
N O D E   D A T A                                           R E S T R A I N T S
  Node       X              Y              Z         radius  Fx Fy Fz Mx My Mz
    1    -120.000000       0.000000    -210.000000   10.000   0  0  0  0  0  0
    2       0.000000       0.000000    -210.000000    0.000   0  0  0  0  0  0
    3     120.000000       0.000000    -210.000000   10.000   0  0  0  0  0  0
    4      60.000000     115.000000    -210.000000    0.000   0  0  0  0  0  0
    5       0.000000     230.000000    -210.000000   10.000   0  0  0  0  0  0
    6     -60.000000     115.000000    -210.000000    0.000   0  0  0  0  0  0
    7    -120.000000       0.000000     -90.000000    0.000   0  0  0  0  0  0
    8     120.000000       0.000000     -90.000000    0.000   0  0  0  0  0  0
    9       0.000000     230.000000     -90.000000    0.000   0  0  0  0  0  0
   10    -120.000000       0.000000       0.000000   10.000   0  0  0  0  0  0
   11       0.000000       0.000000       0.000000    0.000   0  0  0  0  0  0
   12     120.000000       0.000000       0.000000   10.000   0  0  0  0  0  0
   13      60.000000     115.000000       0.000000    0.000   0  0  0  0  0  0
   14       0.000000     230.000000       0.000000   10.000   0  0  0  0  0  0
   15     -60.000000     115.000000       0.000000    0.000   0  0  0  0  0  0
   16    -120.000000       0.000000      90.000000    0.000   0  0  0  0  0  0
   17     120.000000       0.000000      90.000000    0.000   0  0  0  0  0  0
   18       0.000000     230.000000      90.000000    0.000   0  0  0  0  0  0
   19    -120.000000       0.000000     210.000000   10.000   0  0  0  0  0  0
   20       0.000000       0.000000     210.000000    0.000   0  0  0  0  0  0
   21     120.000000       0.000000     210.000000   10.000   0  0  0  0  0  0
   22      60.000000     115.000000     210.000000    0.000   0  0  0  0  0  0
   23       0.000000     230.000000     210.000000   10.000   0  0  0  0  0  0
   24     -60.000000     115.000000     210.000000    0.000   0  0  0  0  0  0
F R A M E   E L E M E N T   D A T A					(local)
  Elmnt  J1    J2     Ax   Asy   Asz    Jxx     Iyy     Izz       E       G roll  density        L  
    1     1     2  125.0 100.0 100.0 5000.0  2500.0  2500.0  29000.0 11500.0   0 7.33e-07     120.000000
    2     2     3  125.0 100.0 100.0 5000.0  2500.0  2500.0  29000.0 11500.0   0 7.33e-07     120.000000
    3     3     4  125.0 100.0 100.0 5000.0  2500.0  2500.0  29000.0 11500.0   0 7.33e-07     129.711218
    4     4     5  125.0 100.0 100.0 5000.0  2500.0  2500.0  29000.0 11500.0   0 7.33e-07     129.711218
    5     5     6  125.0 100.0 100.0 5000.0  2500.0  2500.0  29000.0 11500.0   0 7.33e-07     129.711218
    6     6     1  125.0 100.0 100.0 5000.0  2500.0  2500.0  29000.0 11500.0   0 7.33e-07     129.711218
    7     1     7  125.0 100.0 100.0 5000.0  2500.0  2500.0  29000.0 11500.0   0 7.33e-07     120.000000
    8     3     8  125.0 100.0 100.0 5000.0  2500.0  2500.0  29000.0 11500.0   0 7.33e-07     120.000000
    9     5     9  125.0 100.0 100.0 5000.0  2500.0  2500.0  29000.0 11500.0   0 7.33e-07     120.000000
   10     7    10  125.0 100.0 100.0 5000.0  2500.0  2500.0  29000.0 11500.0   0 7.33e-07      90.000000
   11     8    12  125.0 100.0 100.0 5000.0  2500.0  2500.0  29000.0 11500.0   0 7.33e-07      90.000000
   12     9    14  125.0 100.0 100.0 5000.0  2500.0  2500.0  29000.0 11500.0   0 7.33e-07      90.000000
   13    10    11  125.0 100.0 100.0 5000.0  2500.0  2500.0  29000.0 11500.0   0 7.33e-07     120.000000
   14    11    12  125.0 100.0 100.0 5000.0  2500.0  2500.0  29000.0 11500.0   0 7.33e-07     120.000000
   15    12    13  125.0 100.0 100.0 5000.0  2500.0  2500.0  29000.0 11500.0   0 7.33e-07     129.711218
   16    13    14  125.0 100.0 100.0 5000.0  2500.0  2500.0  29000.0 11500.0   0 7.33e-07     129.711218
   17    14    15  125.0 100.0 100.0 5000.0  2500.0  2500.0  29000.0 11500.0   0 7.33e-07     129.711218
   18    15    10  125.0 100.0 100.0 5000.0  2500.0  2500.0  29000.0 11500.0   0 7.33e-07     129.711218
   19    10    16  125.0 100.0 100.0 5000.0  2500.0  2500.0  29000.0 11500.0   0 7.33e-07      90.000000
   20    12    17  125.0 100.0 100.0 5000.0  2500.0  2500.0  29000.0 11500.0   0 7.33e-07      90.000000
   21    14    18  125.0 100.0 100.0 5000.0  2500.0  2500.0  29000.0 11500.0   0 7.33e-07      90.000000
   22    16    19  125.0 100.0 100.0 5000.0  2500.0  2500.0  29000.0 11500.0   0 7.33e-07     120.000000
   23    17    21  125.0 100.0 100.0 5000.0  2500.0  2500.0  29000.0 11500.0   0 7.33e-07     120.000000
   24    18    23  125.0 100.0 100.0 5000.0  2500.0  2500.0  29000.0 11500.0   0 7.33e-07     120.000000
   25    19    20  125.0 100.0 100.0 5000.0  2500.0  2500.0  29000.0 11500.0   0 7.33e-07     120.000000
   26    20    21  125.0 100.0 100.0 5000.0  2500.0  2500.0  29000.0 11500.0   0 7.33e-07     120.000000
   27    21    22  125.0 100.0 100.0 5000.0  2500.0  2500.0  29000.0 11500.0   0 7.33e-07     129.711218
   28    22    23  125.0 100.0 100.0 5000.0  2500.0  2500.0  29000.0 11500.0   0 7.33e-07     129.711218
   29    23    24  125.0 100.0 100.0 5000.0  2500.0  2500.0  29000.0 11500.0   0 7.33e-07     129.711218
   30    24    19  125.0 100.0 100.0 5000.0  2500.0  2500.0  29000.0 11500.0   0 7.33e-07     129.711218
  Neglect shear deformations.
  Neglect geometric stiffness.

L O A D   C A S E   1   O F   1  ... 

   Gravity X =  0.0    Gravity Y =  0.0    Gravity Z =  0.0 
   0 concentrated loads
   0 uniformly distributed loads
   0 trapezoidally distributed loads
   0 concentrated point loads
   0 temperature loads
   0 prescribed displacements

E L A S T I C   S T I F F N E S S   A N A L Y S I S   via  L D L'  decomposition


L O A D   C A S E   1   O F   1  ... 

N O D E   D I S P L A C E M E N T S  					(global)
  Node    X-dsp       Y-dsp       Z-dsp       X-rot       Y-rot       Z-rot
F R A M E   E L E M E N T   E N D   F O R C E S				(local)
  Elmnt  Node       Nx          Vy         Vz        Txx        Myy        Mzz
     1      1      0.0         0.0        0.0        0.0        0.0        0.0  
     1      2      0.0         0.0        0.0        0.0        0.0        0.0  
     2      2      0.0         0.0        0.0        0.0        0.0        0.0  
     2      3      0.0         0.0        0.0        0.0        0.0        0.0  
     3      3      0.0         0.0        0.0        0.0        0.0        0.0  
     3      4      0.0         0.0        0.0        0.0        0.0        0.0  
     4      4      0.0         0.0        0.0        0.0        0.0        0.0  
     4      5      0.0         0.0        0.0        0.0        0.0        0.0  
     5      5      0.0         0.0        0.0        0.0        0.0        0.0  
     5      6      0.0         0.0        0.0        0.0        0.0        0.0  
     6      6      0.0         0.0        0.0        0.0        0.0        0.0  
     6      1      0.0         0.0        0.0        0.0        0.0        0.0  
     7      1      0.0         0.0        0.0        0.0        0.0        0.0  
     7      7      0.0         0.0        0.0        0.0        0.0        0.0  
     8      3      0.0         0.0        0.0        0.0        0.0        0.0  
     8      8      0.0         0.0        0.0        0.0        0.0        0.0  
     9      5      0.0         0.0        0.0        0.0        0.0        0.0  
     9      9      0.0         0.0        0.0        0.0        0.0        0.0  
    10      7      0.0         0.0        0.0        0.0        0.0        0.0  
    10     10      0.0         0.0        0.0        0.0        0.0        0.0  
    11      8      0.0         0.0        0.0        0.0        0.0        0.0  
    11     12      0.0         0.0        0.0        0.0        0.0        0.0  
    12      9      0.0         0.0        0.0        0.0        0.0        0.0  
    12     14      0.0         0.0        0.0        0.0        0.0        0.0  
    13     10      0.0         0.0        0.0        0.0        0.0        0.0  
    13     11      0.0         0.0        0.0        0.0        0.0        0.0  
    14     11      0.0         0.0        0.0        0.0        0.0        0.0  
    14     12      0.0         0.0        0.0        0.0        0.0        0.0  
    15     12      0.0         0.0        0.0        0.0        0.0        0.0  
    15     13      0.0         0.0        0.0        0.0        0.0        0.0  
    16     13      0.0         0.0        0.0        0.0        0.0        0.0  
    16     14      0.0         0.0        0.0        0.0        0.0        0.0  
    17     14      0.0         0.0        0.0        0.0        0.0        0.0  
    17     15      0.0         0.0        0.0        0.0        0.0        0.0  
    18     15      0.0         0.0        0.0        0.0        0.0        0.0  
    18     10      0.0         0.0        0.0        0.0        0.0        0.0  
    19     10      0.0         0.0        0.0        0.0        0.0        0.0  
    19     16      0.0         0.0        0.0        0.0        0.0        0.0  
    20     12      0.0         0.0        0.0        0.0        0.0        0.0  
    20     17      0.0         0.0        0.0        0.0        0.0        0.0  
    21     14      0.0         0.0        0.0        0.0        0.0        0.0  
    21     18      0.0         0.0        0.0        0.0        0.0        0.0  
    22     16      0.0         0.0        0.0        0.0        0.0        0.0  
    22     19      0.0         0.0        0.0        0.0        0.0        0.0  
    23     17      0.0         0.0        0.0        0.0        0.0        0.0  
    23     21      0.0         0.0        0.0        0.0        0.0        0.0  
    24     18      0.0         0.0        0.0        0.0        0.0        0.0  
    24     23      0.0         0.0        0.0        0.0        0.0        0.0  
    25     19      0.0         0.0        0.0        0.0        0.0        0.0  
    25     20      0.0         0.0        0.0        0.0        0.0        0.0  
    26     20      0.0         0.0        0.0        0.0        0.0        0.0  
    26     21      0.0         0.0        0.0        0.0        0.0        0.0  
    27     21      0.0         0.0        0.0        0.0        0.0        0.0  
    27     22      0.0         0.0        0.0        0.0        0.0        0.0  
    28     22      0.0         0.0        0.0        0.0        0.0        0.0  
    28     23      0.0         0.0        0.0        0.0        0.0        0.0  
    29     23      0.0         0.0        0.0        0.0        0.0        0.0  
    29     24      0.0         0.0        0.0        0.0        0.0        0.0  
    30     24      0.0         0.0        0.0        0.0        0.0        0.0  
    30     19      0.0         0.0        0.0        0.0        0.0        0.0  
R E A C T I O N S							(global)
  Node        Fx          Fy          Fz         Mxx         Myy         Mzz
R M S    R E L A T I V E    E Q U I L I B R I U M    E R R O R: 1.000e+00

M O D A L   A N A L Y S I S   R E S U L T S
  Total Mass:  3.240350e-01     Structural Mass:  3.240350e-01 
N O D A L   M A S S E S	(diagonal of the mass matrix)			(global)
  Node  X-mass      Y-mass      Z-mass      X-inrta     Y-inrta     Z-inrta
     1 1.20980e-02 1.22665e-02 1.21985e-02 3.23954e+00 3.61323e+00 3.61989e+00
     2 7.33000e-03 8.20436e-03 8.20436e-03 2.93200e-01 3.07441e+00 3.07441e+00
     3 1.20980e-02 1.22665e-02 1.21985e-02 3.23954e+00 3.61323e+00 3.61989e+00
     4 8.66160e-03 8.12420e-03 8.86261e-03 3.11147e+00 1.07764e+00 3.87218e+00
     5 1.27638e-02 1.22264e-02 1.25276e-02 4.64868e+00 2.61484e+00 4.01878e+00
     6 8.66160e-03 8.12420e-03 8.86261e-03 3.11147e+00 1.07764e+00 3.87218e+00
     7 7.18951e-03 7.18951e-03 6.41375e-03 2.19533e+00 2.19533e+00 2.56550e-01
     8 7.18951e-03 7.18951e-03 6.41375e-03 2.19533e+00 2.19533e+00 2.56550e-01
     9 7.18951e-03 7.18951e-03 6.41375e-03 2.19533e+00 2.19533e+00 2.56550e-01
    10 1.41705e-02 1.43389e-02 1.40310e-02 3.01859e+00 3.39228e+00 3.69319e+00
    11 7.33000e-03 8.20436e-03 8.20436e-03 2.93200e-01 3.07441e+00 3.07441e+00
    12 1.41705e-02 1.43389e-02 1.40310e-02 3.01859e+00 3.39228e+00 3.69319e+00
    13 8.66160e-03 8.12420e-03 8.86261e-03 3.11147e+00 1.07764e+00 3.87218e+00
    14 1.48363e-02 1.42988e-02 1.43601e-02 4.42773e+00 2.39389e+00 4.09208e+00
    15 8.66160e-03 8.12420e-03 8.86261e-03 3.11147e+00 1.07764e+00 3.87218e+00
    16 7.18951e-03 7.18951e-03 6.41375e-03 2.19533e+00 2.19533e+00 2.56550e-01
    17 7.18951e-03 7.18951e-03 6.41375e-03 2.19533e+00 2.19533e+00 2.56550e-01
    18 7.18951e-03 7.18951e-03 6.41375e-03 2.19533e+00 2.19533e+00 2.56550e-01
    19 1.20980e-02 1.22665e-02 1.21985e-02 3.23954e+00 3.61323e+00 3.61989e+00
    20 7.33000e-03 8.20436e-03 8.20436e-03 2.93200e-01 3.07441e+00 3.07441e+00
    21 1.20980e-02 1.22665e-02 1.21985e-02 3.23954e+00 3.61323e+00 3.61989e+00
    22 8.66160e-03 8.12420e-03 8.86261e-03 3.11147e+00 1.07764e+00 3.87218e+00
    23 1.27638e-02 1.22264e-02 1.25276e-02 4.64868e+00 2.61484e+00 4.01878e+00
    24 8.66160e-03 8.12420e-03 8.86261e-03 3.11147e+00 1.07764e+00 3.87218e+00
  Use consistent mass matrix.
N A T U R A L   F R E Q U E N C I E S   & 
M A S S   N O R M A L I Z E D   M O D E   S H A P E S 
 convergence tolerance: 1.000e-06 
  MODE     1:   f= 0.000002 Hz,  T= 477129.713147 sec
		X- modal participation factor =   8.9533e-03 
		Y- modal participation factor =   5.3642e-01 
		Z- modal participation factor =   3.1116e-02 
  Node    X-dsp       Y-dsp       Z-dsp       X-rot       Y-rot       Z-rot
     1   2.763e-02   2.331e+00  -1.598e-01   3.557e-03   4.598e-12   8.775e-12
     2   2.763e-02   2.331e+00  -1.598e-01   3.557e-03   4.604e-12   8.802e-12
     3   2.763e-02   2.331e+00  -1.598e-01   3.557e-03   4.598e-12   8.775e-12
     4   2.763e-02   2.331e+00   2.177e-01   3.557e-03   4.586e-12   8.728e-12
     5   2.763e-02   2.331e+00   5.953e-01   3.557e-03   4.583e-12   8.714e-12
     6   2.763e-02   2.331e+00   2.177e-01   3.557e-03   4.587e-12   8.728e-12
     7   2.763e-02   1.940e+00  -1.598e-01   3.557e-03   4.597e-12   8.781e-12
     8   2.763e-02   1.940e+00  -1.598e-01   3.557e-03   4.597e-12   8.781e-12
     9   2.763e-02   1.940e+00   5.953e-01   3.557e-03   4.585e-12   8.720e-12
    10   2.763e-02   1.655e+00  -1.598e-01   3.557e-03   4.597e-12   8.785e-12
    11   2.763e-02   1.655e+00  -1.598e-01   3.557e-03   4.605e-12   8.813e-12
    12   2.763e-02   1.655e+00  -1.598e-01   3.557e-03   4.597e-12   8.785e-12
    13   2.763e-02   1.655e+00   2.177e-01   3.557e-03   4.586e-12   8.740e-12
    14   2.763e-02   1.655e+00   5.953e-01   3.557e-03   4.584e-12   8.724e-12
    15   2.763e-02   1.655e+00   2.177e-01   3.557e-03   4.587e-12   8.740e-12
    16   2.763e-02   1.371e+00  -1.598e-01   3.557e-03   4.597e-12   8.790e-12
    17   2.763e-02   1.371e+00  -1.598e-01   3.557e-03   4.597e-12   8.790e-12
    18   2.763e-02   1.371e+00   5.953e-01   3.557e-03   4.585e-12   8.729e-12
    19   2.763e-02   9.795e-01  -1.598e-01   3.557e-03   4.597e-12   8.796e-12
    20   2.763e-02   9.795e-01  -1.598e-01   3.557e-03   4.604e-12   8.825e-12
    21   2.763e-02   9.795e-01  -1.598e-01   3.557e-03   4.597e-12   8.796e-12
    22   2.763e-02   9.795e-01   2.177e-01   3.557e-03   4.587e-12   8.751e-12
    23   2.763e-02   9.795e-01   5.953e-01   3.557e-03   4.583e-12   8.735e-12
    24   2.763e-02   9.795e-01   2.177e-01   3.557e-03   4.587e-12   8.751e-12
  MODE     2:   f= 0.000001 Hz,  T= 733726.825391 sec
		X- modal participation factor =  -2.3259e-02 
		Y- modal participation factor =  -1.8915e-01 
		Z- modal participation factor =   1.3398e-01 
  Node    X-dsp       Y-dsp       Z-dsp       X-rot       Y-rot       Z-rot
     1  -7.178e-02   1.286e+00  -2.944e-01   9.843e-03  -3.544e-11   2.376e-12
     2  -7.178e-02   1.286e+00  -2.944e-01   9.843e-03  -3.550e-11   2.393e-12
     3  -7.178e-02   1.286e+00  -2.944e-01   9.843e-03  -3.544e-11   2.376e-12
     4  -7.178e-02   1.286e+00   7.502e-01   9.843e-03  -3.536e-11   2.373e-12
     5  -7.178e-02   1.286e+00   1.795e+00   9.843e-03  -3.533e-11   2.359e-12
     6  -7.178e-02   1.286e+00   7.502e-01   9.843e-03  -3.536e-11   2.373e-12
     7  -7.178e-02   2.037e-01  -2.944e-01   9.843e-03  -3.544e-11   2.329e-12
     8  -7.178e-02   2.037e-01  -2.944e-01   9.843e-03  -3.544e-11   2.329e-12
     9  -7.178e-02   2.037e-01   1.795e+00   9.843e-03  -3.534e-11   2.313e-12
    10  -7.178e-02  -5.837e-01  -2.944e-01   9.843e-03  -3.544e-11   2.295e-12
    11  -7.178e-02  -5.837e-01  -2.944e-01   9.843e-03  -3.550e-11   2.302e-12
    12  -7.178e-02  -5.837e-01  -2.944e-01   9.843e-03  -3.544e-11   2.295e-12
    13  -7.178e-02  -5.837e-01   7.502e-01   9.843e-03  -3.536e-11   2.283e-12
    14  -7.178e-02  -5.837e-01   1.795e+00   9.843e-03  -3.534e-11   2.279e-12
    15  -7.178e-02  -5.837e-01   7.502e-01   9.843e-03  -3.536e-11   2.283e-12
    16  -7.178e-02  -1.371e+00  -2.944e-01   9.843e-03  -3.544e-11   2.261e-12
    17  -7.178e-02  -1.371e+00  -2.944e-01   9.843e-03  -3.544e-11   2.261e-12
    18  -7.178e-02  -1.371e+00   1.795e+00   9.843e-03  -3.534e-11   2.245e-12
    19  -7.178e-02  -2.454e+00  -2.944e-01   9.843e-03  -3.544e-11   2.214e-12
    20  -7.178e-02  -2.454e+00  -2.944e-01   9.843e-03  -3.550e-11   2.211e-12
    21  -7.178e-02  -2.454e+00  -2.944e-01   9.843e-03  -3.544e-11   2.214e-12
    22  -7.178e-02  -2.454e+00   7.502e-01   9.843e-03  -3.536e-11   2.192e-12
    23  -7.178e-02  -2.454e+00   1.795e+00   9.843e-03  -3.533e-11   2.199e-12
    24  -7.178e-02  -2.454e+00   7.502e-01   9.843e-03  -3.536e-11   2.192e-12
  MODE     3:   f= 0.000000 Hz,  T= 3717677.730273 sec
		X- modal participation factor =   5.6868e-01 
		Y- modal participation factor =  -1.6307e-02 
		Z- modal participation factor =   5.8080e-04 
  Node    X-dsp       Y-dsp       Z-dsp       X-rot       Y-rot       Z-rot
     1   1.755e+00   1.945e-02  -2.462e-02   3.672e-04  -2.382e-11  -1.843e-11
     2   1.755e+00   1.945e-02  -2.462e-02   3.672e-04  -2.386e-11  -1.848e-11
     3   1.755e+00   1.945e-02  -2.462e-02   3.672e-04  -2.382e-11  -1.843e-11
     4   1.755e+00   1.945e-02   1.436e-02   3.672e-04  -2.377e-11  -1.833e-11
     5   1.755e+00   1.945e-02   5.333e-02   3.672e-04  -2.375e-11  -1.830e-11
     6   1.755e+00   1.945e-02   1.436e-02   3.672e-04  -2.377e-11  -1.833e-11
     7   1.755e+00  -2.095e-02  -2.462e-02   3.672e-04  -2.382e-11  -1.846e-11
     8   1.755e+00  -2.095e-02  -2.462e-02   3.672e-04  -2.382e-11  -1.846e-11
     9   1.755e+00  -2.095e-02   5.333e-02   3.672e-04  -2.376e-11  -1.833e-11
    10   1.755e+00  -5.032e-02  -2.462e-02   3.672e-04  -2.382e-11  -1.848e-11
    11   1.755e+00  -5.032e-02  -2.462e-02   3.672e-04  -2.386e-11  -1.854e-11
    12   1.755e+00  -5.032e-02  -2.462e-02   3.672e-04  -2.382e-11  -1.848e-11
    13   1.755e+00  -5.032e-02   1.436e-02   3.672e-04  -2.377e-11  -1.839e-11
    14   1.755e+00  -5.032e-02   5.333e-02   3.672e-04  -2.375e-11  -1.836e-11
    15   1.755e+00  -5.032e-02   1.436e-02   3.672e-04  -2.377e-11  -1.839e-11
    16   1.755e+00  -7.970e-02  -2.462e-02   3.672e-04  -2.382e-11  -1.851e-11
    17   1.755e+00  -7.970e-02  -2.462e-02   3.672e-04  -2.382e-11  -1.851e-11
    18   1.755e+00  -7.970e-02   5.333e-02   3.672e-04  -2.376e-11  -1.838e-11
    19   1.755e+00  -1.201e-01  -2.462e-02   3.672e-04  -2.382e-11  -1.854e-11
    20   1.755e+00  -1.201e-01  -2.462e-02   3.672e-04  -2.386e-11  -1.860e-11
    21   1.755e+00  -1.201e-01  -2.462e-02   3.672e-04  -2.382e-11  -1.854e-11
    22   1.755e+00  -1.201e-01   1.436e-02   3.672e-04  -2.377e-11  -1.845e-11
    23   1.755e+00  -1.201e-01   5.333e-02   3.672e-04  -2.375e-11  -1.841e-11
    24   1.755e+00  -1.201e-01   1.436e-02   3.672e-04  -2.377e-11  -1.845e-11
  MODE     4:   f= 0.000001 Hz,  T= 851598.620551 sec
		X- modal participation factor =   4.5394e-03 
		Y- modal participation factor =   1.5678e-02 
		Z- modal participation factor =   5.5237e-01 
  Node    X-dsp       Y-dsp       Z-dsp       X-rot       Y-rot       Z-rot
     1   1.401e-02  -4.434e-01   1.891e+00  -2.588e-03  -3.071e-12  -1.286e-12
     2   1.401e-02  -4.434e-01   1.891e+00  -2.588e-03  -3.076e-12  -1.289e-12
     3   1.401e-02  -4.434e-01   1.891e+00  -2.588e-03  -3.071e-12  -1.286e-12
     4   1.401e-02  -4.434e-01   1.616e+00  -2.588e-03  -3.064e-12  -1.278e-12
     5   1.401e-02  -4.434e-01   1.341e+00  -2.588e-03  -3.062e-12  -1.277e-12
     6   1.401e-02  -4.434e-01   1.616e+00  -2.588e-03  -3.064e-12  -1.278e-12
     7   1.401e-02  -1.587e-01   1.891e+00  -2.588e-03  -3.071e-12  -1.290e-12
     8   1.401e-02  -1.587e-01   1.891e+00  -2.588e-03  -3.071e-12  -1.290e-12
     9   1.401e-02  -1.587e-01   1.341e+00  -2.588e-03  -3.063e-12  -1.281e-12
    10   1.401e-02   4.838e-02   1.891e+00  -2.588e-03  -3.071e-12  -1.293e-12
    11   1.401e-02   4.838e-02   1.891e+00  -2.588e-03  -3.076e-12  -1.297e-12
    12   1.401e-02   4.838e-02   1.891e+00  -2.588e-03  -3.071e-12  -1.293e-12
    13   1.401e-02   4.838e-02   1.616e+00  -2.588e-03  -3.064e-12  -1.286e-12
    14   1.401e-02   4.838e-02   1.341e+00  -2.588e-03  -3.062e-12  -1.284e-12
    15   1.401e-02   4.838e-02   1.616e+00  -2.588e-03  -3.064e-12  -1.286e-12
    16   1.401e-02   2.554e-01   1.891e+00  -2.588e-03  -3.071e-12  -1.296e-12
    17   1.401e-02   2.554e-01   1.891e+00  -2.588e-03  -3.071e-12  -1.296e-12
    18   1.401e-02   2.554e-01   1.341e+00  -2.588e-03  -3.063e-12  -1.287e-12
    19   1.401e-02   5.401e-01   1.891e+00  -2.588e-03  -3.071e-12  -1.300e-12
    20   1.401e-02   5.401e-01   1.891e+00  -2.588e-03  -3.076e-12  -1.305e-12
    21   1.401e-02   5.401e-01   1.891e+00  -2.588e-03  -3.071e-12  -1.300e-12
    22   1.401e-02   5.401e-01   1.616e+00  -2.588e-03  -3.064e-12  -1.294e-12
    23   1.401e-02   5.401e-01   1.341e+00  -2.588e-03  -3.062e-12  -1.291e-12
    24   1.401e-02   5.401e-01   1.616e+00  -2.588e-03  -3.064e-12  -1.294e-12
  MODE     5:   f= 0.015974 Hz,  T= 62.603354 sec
		X- modal participation factor =   1.1468e-09 
		Y- modal participation factor =  -8.5897e-10 
		Z- modal participation factor =   5.7045e-10 
  Node    X-dsp       Y-dsp       Z-dsp       X-rot       Y-rot       Z-rot
     1  -2.103e+00   3.020e-03   1.219e+00   1.926e-05   1.107e-02  -2.538e-05
     2  -2.103e+00   3.069e-09  -4.046e-10   3.010e-11   1.109e-02  -2.849e-05
     3  -2.103e+00  -3.020e-03  -1.219e+00  -1.926e-05   1.107e-02  -2.538e-05
     4  -2.100e+00  -1.506e-03  -6.096e-01  -2.692e-05   1.105e-02  -2.828e-05
     5  -2.098e+00   3.069e-09   5.985e-09   3.010e-11   1.104e-02  -2.508e-05
     6  -2.100e+00   1.506e-03   6.096e-01   2.692e-05   1.105e-02  -2.828e-05
     7  -8.856e-01   1.243e-03   1.219e+00   1.464e-05   1.107e-02  -1.069e-05
     8  -8.856e-01  -1.243e-03  -1.219e+00  -1.464e-05   1.107e-02  -1.069e-05
     9  -8.832e-01  -2.427e-10   5.985e-09   3.010e-11   1.104e-02  -1.056e-05
    10   4.094e-09  -3.505e-09   1.219e+00   1.730e-05   1.107e-02   7.753e-12
    11   4.094e-09  -2.651e-09  -4.046e-10   3.010e-11   1.109e-02   7.777e-12
    12   4.094e-09  -1.796e-09  -1.219e+00  -1.730e-05   1.107e-02   7.753e-12
    13   3.274e-09  -2.224e-09  -6.096e-01  -2.733e-05   1.105e-02   7.712e-12
    14   2.456e-09  -2.651e-09   5.985e-09   3.010e-11   1.104e-02   7.699e-12
    15   3.274e-09  -3.077e-09   6.096e-01   2.733e-05   1.105e-02   7.712e-12
    16   8.856e-01  -1.243e-03   1.219e+00   1.464e-05   1.107e-02   1.069e-05
    17   8.856e-01   1.243e-03  -1.219e+00  -1.464e-05   1.107e-02   1.069e-05
    18   8.832e-01  -5.059e-09   5.985e-09   3.010e-11   1.104e-02   1.056e-05
    19   2.103e+00  -3.020e-03   1.219e+00   1.926e-05   1.107e-02   2.538e-05
    20   2.103e+00  -8.370e-09  -4.046e-10   3.010e-11   1.109e-02   2.849e-05
    21   2.103e+00   3.020e-03  -1.219e+00  -1.926e-05   1.107e-02   2.538e-05
    22   2.100e+00   1.506e-03  -6.096e-01  -2.692e-05   1.105e-02   2.828e-05
    23   2.098e+00  -8.370e-09   5.985e-09   3.010e-11   1.104e-02   2.508e-05
    24   2.100e+00  -1.506e-03   6.096e-01   2.692e-05   1.105e-02   2.828e-05
  MODE     6:   f= 0.033069 Hz,  T= 30.240009 sec
		X- modal participation factor =   6.6022e-10 
		Y- modal participation factor =  -2.8693e-10 
		Z- modal participation factor =   9.0590e-12 
  Node    X-dsp       Y-dsp       Z-dsp       X-rot       Y-rot       Z-rot
     1   1.139e+00  -1.752e+00   6.134e-10   2.001e-08   1.194e-08   1.589e-02
     2   1.139e+00  -1.488e-09   2.561e-10  -3.171e-12  -5.963e-09   1.594e-02
     3   1.139e+00   1.752e+00  -1.013e-10  -2.002e-08   1.194e-08   1.589e-02
     4  -5.432e-01   8.744e-01   4.232e-08   7.193e-09   1.936e-10   1.581e-02
     5  -2.219e+00  -1.488e-09  -4.171e-10  -3.171e-12  -2.950e-08   1.578e-02
     6  -5.432e-01  -8.744e-01  -4.248e-08  -7.199e-09   1.936e-10   1.581e-02
     7   1.139e+00  -1.752e+00   6.220e-11   1.890e-08   1.112e-08   1.589e-02
     8   1.139e+00   1.752e+00   4.499e-10  -1.890e-08   1.112e-08   1.589e-02
     9  -2.219e+00  -1.139e-09  -4.171e-10  -3.171e-12  -2.420e-08   1.578e-02
    10   1.139e+00  -1.752e+00  -3.387e-10  -3.180e-12  -5.401e-12   1.589e-02
    11   1.139e+00  -8.855e-10   2.561e-10  -3.171e-12  -5.410e-12   1.594e-02
    12   1.139e+00   1.752e+00   8.508e-10  -3.163e-12  -5.401e-12   1.589e-02
    13  -5.432e-01   8.744e-01   2.168e-10  -3.158e-12  -5.388e-12   1.581e-02
    14  -2.219e+00  -8.855e-10  -4.171e-10  -3.171e-12  -5.385e-12   1.578e-02
    15  -5.432e-01  -8.744e-01  -3.779e-10  -3.185e-12  -5.388e-12   1.581e-02
    16   1.139e+00  -1.752e+00  -7.396e-10  -1.890e-08  -1.113e-08   1.589e-02
    17   1.139e+00   1.752e+00   1.252e-09   1.890e-08  -1.113e-08   1.589e-02
    18  -2.219e+00  -6.318e-10  -4.171e-10  -3.172e-12   2.419e-08   1.578e-02
    19   1.139e+00  -1.752e+00  -1.291e-09  -2.002e-08  -1.195e-08   1.589e-02
    20   1.139e+00  -2.829e-10   2.561e-10  -3.171e-12   5.952e-09   1.594e-02
    21   1.139e+00   1.752e+00   1.803e-09   2.001e-08  -1.195e-08   1.589e-02
    22  -5.432e-01   8.744e-01  -4.189e-08  -7.199e-09  -2.043e-10   1.581e-02
    23  -2.219e+00  -2.829e-10  -4.171e-10  -3.171e-12   2.949e-08   1.578e-02
    24  -5.432e-01  -8.744e-01   4.172e-08   7.193e-09  -2.043e-10   1.581e-02
  MODE     7:   f= 8.780717 Hz,  T= 0.113886 sec
		X- modal participation factor =  -1.0198e-15 
		Y- modal participation factor =  -5.8981e-17 
		Z- modal participation factor =  -4.9722e-16 
  Node    X-dsp       Y-dsp       Z-dsp       X-rot       Y-rot       Z-rot
     1   1.485e+00  -2.412e+00  -1.987e-01  -5.725e-03  -4.480e-03   2.007e-02
     2   1.486e+00  -2.689e-13  -6.749e-14   8.939e-16  -4.743e-04   2.299e-02
     3   1.485e+00   2.412e+00   1.987e-01   5.725e-03  -4.480e-03   2.007e-02
     4  -8.540e-01   1.193e+00   8.405e-02  -2.660e-03  -1.212e-03   2.301e-02
     5  -3.140e+00   1.076e-13   1.203e-14   1.379e-18   7.819e-03   1.931e-02
     6  -8.540e-01  -1.193e+00  -8.405e-02   2.660e-03  -1.212e-03   2.301e-02
     7   6.757e-01  -1.110e+00  -1.988e-01  -1.536e-02  -9.098e-03   8.458e-03
     8   6.757e-01   1.110e+00   1.988e-01   1.536e-02  -9.098e-03   8.458e-03
     9  -1.457e+00   1.453e-14   1.173e-14   1.387e-15   1.976e-02   8.137e-03
    10  -4.102e-13  -1.276e-13  -1.988e-01  -1.047e-02  -6.867e-03  -7.123e-15
    11  -4.124e-13   1.348e-13  -1.511e-14   3.299e-16   7.238e-04   6.191e-15
    12  -4.050e-13   1.807e-14   1.988e-01   1.047e-02  -6.867e-03  -1.147e-14
    13   1.168e-12   8.210e-13   8.625e-02  -4.380e-03  -1.258e-03  -1.904e-15
    14  -4.729e-13  -5.748e-14   1.174e-14   1.162e-16   1.438e-02   2.057e-14
    15   8.465e-13  -7.688e-13  -8.625e-02   4.380e-03  -1.258e-03  -3.238e-15
    16  -6.757e-01   1.110e+00  -1.988e-01  -1.536e-02  -9.098e-03  -8.458e-03
    17  -6.757e-01  -1.110e+00   1.988e-01   1.536e-02  -9.098e-03  -8.458e-03
    18   1.457e+00  -3.376e-14   1.147e-14  -7.548e-16   1.976e-02  -8.137e-03
    19  -1.485e+00   2.412e+00  -1.987e-01  -5.725e-03  -4.480e-03  -2.007e-02
    20  -1.486e+00  -1.030e-13  -1.081e-14  -3.382e-16  -4.743e-04  -2.299e-02
    21  -1.485e+00  -2.412e+00   1.987e-01   5.725e-03  -4.480e-03  -2.007e-02
    22   8.540e-01  -1.193e+00   8.405e-02  -2.660e-03  -1.212e-03  -2.301e-02
    23   3.140e+00   6.068e-14   1.142e-14  -5.622e-16   7.819e-03  -1.931e-02
    24   8.540e-01   1.193e+00  -8.405e-02   2.660e-03  -1.212e-03  -2.301e-02
  MODE     8:   f= 11.625557 Hz,  T= 0.086017 sec
		X- modal participation factor =  -5.1366e-16 
		Y- modal participation factor =   1.4155e-15 
		Z- modal participation factor =  -3.6160e-15 
  Node    X-dsp       Y-dsp       Z-dsp       X-rot       Y-rot       Z-rot
     1   1.441e-03  -1.099e+00  -1.273e+00   4.723e-03  -1.675e-03  -1.925e-03
     2   2.310e-10  -1.260e+00  -1.236e+00   4.734e-03   8.142e-13  -2.497e-12
     3  -1.441e-03  -1.099e+00  -1.273e+00   4.723e-03   1.675e-03   1.925e-03
     4  -8.383e-02  -1.142e+00   5.863e-01   1.952e-02   7.721e-03  -5.022e-04
     5   2.492e-10  -1.096e+00   2.495e+00   7.909e-03   1.070e-12  -8.178e-12
     6   8.383e-02  -1.142e+00   5.863e-01   1.952e-02  -7.721e-03   5.022e-04
     7   2.517e-02  -6.049e-01  -1.273e+00  -9.652e-03   8.344e-04  -8.122e-04
     8  -2.517e-02  -6.049e-01  -1.273e+00  -9.652e-03  -8.344e-04   8.122e-04
     9  -1.094e-10  -5.557e-01   2.496e+00  -1.125e-02  -4.976e-12   4.700e-12
    10  -2.903e-10  -8.064e-11  -1.272e+00  -2.824e-03  -2.126e-03  -4.647e-12
    11  -2.913e-10   1.163e-10  -1.210e+00  -2.830e-03  -7.699e-14   4.085e-12
    12  -2.858e-10  -1.414e-11  -1.272e+00  -2.824e-03   2.126e-03  -8.383e-12
    13   8.301e-10   5.556e-10   5.672e-01   2.067e-02   1.226e-02  -1.348e-12
    14  -3.008e-10  -4.990e-11   2.494e+00   1.269e-03   1.046e-12   1.397e-11
    15   5.632e-10  -5.164e-10   5.672e-01   2.067e-02  -1.226e-02  -2.493e-12
    16  -2.517e-02   6.049e-01  -1.273e+00  -9.652e-03   8.344e-04   8.122e-04
    17   2.517e-02   6.049e-01  -1.273e+00  -9.652e-03  -8.344e-04  -8.122e-04
    18  -1.051e-10   5.557e-01   2.496e+00  -1.125e-02   3.624e-12   6.126e-12
    19  -1.441e-03   1.099e+00  -1.273e+00   4.723e-03  -1.675e-03   1.925e-03
    20   1.662e-10   1.260e+00  -1.236e+00   4.734e-03  -1.769e-12  -1.540e-12
    21   1.441e-03   1.099e+00  -1.273e+00   4.723e-03   1.675e-03  -1.925e-03
    22   8.383e-02   1.142e+00   5.863e-01   1.952e-02   7.721e-03   5.022e-04
    23   1.843e-10   1.096e+00   2.495e+00   7.909e-03   3.566e-13  -4.856e-12
    24  -8.383e-02   1.142e+00   5.863e-01   1.952e-02  -7.721e-03  -5.022e-04
  MODE     9:   f= 12.435356 Hz,  T= 0.080416 sec
		X- modal participation factor =  -3.7648e-16 
		Y- modal participation factor =   8.2356e-16 
		Z- modal participation factor =   2.8484e-15 
  Node    X-dsp       Y-dsp       Z-dsp       X-rot       Y-rot       Z-rot
     1  -1.118e+00   2.169e-01  -2.228e+00   2.066e-03  -8.127e-03  -4.146e-04
     2  -1.119e+00  -2.850e-10   1.660e-11   5.513e-14  -2.660e-02  -2.780e-03
     3  -1.118e+00  -2.169e-01   2.228e+00  -2.066e-03  -8.127e-03  -4.146e-04
     4  -1.086e+00  -1.982e-01   1.093e+00  -8.300e-03  -1.038e-02  -1.703e-03
     5  -7.088e-01   1.248e-10   3.839e-11   1.022e-12  -5.007e-03  -4.479e-03
     6  -1.086e+00   1.982e-01  -1.093e+00   8.300e-03  -1.038e-02  -1.703e-03
     7  -5.979e-01   1.329e-01  -2.229e+00   5.658e-04   1.136e-02  -1.749e-04
     8  -5.979e-01  -1.329e-01   2.229e+00  -5.658e-04   1.136e-02  -1.749e-04
     9  -4.561e-01   2.385e-11   3.883e-11   1.182e-12   6.725e-03  -1.890e-03
    10  -3.717e-10  -1.177e-10  -2.227e+00   3.227e-03  -2.867e-04  -5.251e-12
    11  -3.720e-10   1.857e-10   8.041e-11  -3.770e-13  -3.054e-02   5.199e-12
    12  -3.640e-10  -3.288e-11   2.227e+00  -3.227e-03  -2.867e-04  -1.132e-11
    13   1.103e-09   7.165e-10   1.062e+00  -1.301e-02  -4.717e-03  -1.513e-12
    14  -3.843e-10  -7.940e-11   3.832e-11   1.341e-12   2.732e-03   1.776e-11
    15   6.693e-10  -6.491e-10  -1.062e+00   1.301e-02  -4.717e-03  -3.369e-12
    16   5.979e-01  -1.329e-01  -2.229e+00   5.658e-04   1.136e-02   1.749e-04
    17   5.979e-01   1.329e-01   2.229e+00  -5.658e-04   1.136e-02   1.749e-04
    18   4.561e-01  -6.868e-11   3.885e-11  -1.458e-12   6.725e-03   1.890e-03
    19   1.118e+00  -2.169e-01  -2.228e+00   2.066e-03  -8.127e-03   4.146e-04
    20   1.119e+00  -1.467e-10   3.103e-11  -1.252e-12  -2.660e-02   2.780e-03
    21   1.118e+00   2.169e-01   2.228e+00  -2.066e-03  -8.127e-03   4.146e-04
    22   1.086e+00   1.982e-01   1.093e+00  -8.300e-03  -1.038e-02   1.703e-03
    23   7.088e-01   8.060e-11   3.844e-11   2.935e-14  -5.007e-03   4.479e-03
    24   1.086e+00  -1.982e-01  -1.093e+00   8.300e-03  -1.038e-02   1.703e-03
  MODE    10:   f= 13.326844 Hz,  T= 0.075037 sec
		X- modal participation factor =  -2.8623e-15 
		Y- modal participation factor =   7.1883e-16 
		Z- modal participation factor =  -4.1503e-16 
  Node    X-dsp       Y-dsp       Z-dsp       X-rot       Y-rot       Z-rot
     1   1.474e+00   1.034e-01  -1.597e-02  -3.393e-03  -1.174e-02  -2.911e-03
     2   1.476e+00   3.963e-09   9.061e-10  -9.595e-12   5.707e-03   4.383e-05
     3   1.474e+00  -1.034e-01   1.597e-02   3.393e-03  -1.174e-02  -2.911e-03
     4   1.870e+00   1.009e-01   2.628e-01   1.013e-02  -1.267e-02  -1.644e-03
     5   1.677e+00  -1.633e-09  -5.775e-12   8.727e-13  -2.227e-02   3.658e-03
     6   1.870e+00  -1.009e-01  -2.628e-01  -1.013e-02  -1.267e-02  -1.644e-03
     7  -9.856e-01   3.434e-02  -6.733e-03   2.791e-03  -2.394e-02   6.967e-04
     8  -9.856e-01  -3.434e-02   6.733e-03  -2.791e-03  -2.394e-02   6.967e-04
     9  -1.272e+00  -5.667e-10  -1.063e-12  -1.965e-11  -2.407e-02  -1.005e-03
    10  -2.106e+00  -1.186e-01   4.450e-10  -2.425e-11   1.896e-11   3.319e-03
    11  -2.108e+00  -1.467e-09  -3.673e-10  -2.921e-12  -1.098e-12  -3.930e-05
    12  -2.106e+00   1.186e-01  -4.702e-10   1.848e-11   1.180e-11   3.319e-03
    13  -2.600e+00  -1.332e-01   3.175e-09   3.307e-12  -3.617e-12   2.003e-03
    14  -2.350e+00   7.150e-10   2.567e-12  -7.104e-12  -1.578e-11  -4.393e-03
    15  -2.600e+00   1.332e-01  -2.914e-09   1.354e-12  -7.691e-12   2.003e-03
    16  -9.856e-01   3.434e-02   6.733e-03  -2.791e-03   2.394e-02   6.967e-04
    17  -9.856e-01  -3.434e-02  -6.733e-03   2.791e-03   2.394e-02   6.967e-04
    18  -1.272e+00   5.970e-10   5.866e-12   1.033e-11   2.407e-02  -1.005e-03
    19   1.474e+00   1.034e-01   1.597e-02   3.393e-03   1.174e-02  -2.911e-03
    20   1.476e+00   1.106e-09  -4.488e-10   9.559e-12  -5.707e-03   4.383e-05
    21   1.474e+00  -1.034e-01  -1.597e-02  -3.393e-03   1.174e-02  -2.911e-03
    22   1.870e+00   1.009e-01  -2.628e-01  -1.013e-02   1.267e-02  -1.644e-03
    23   1.677e+00  -7.200e-10   1.056e-11   5.435e-12   2.227e-02   3.658e-03
    24   1.870e+00  -1.009e-01   2.628e-01   1.013e-02   1.267e-02  -1.644e-03
  MODE    11:   f= 13.577855 Hz,  T= 0.073649 sec
		X- modal participation factor =  -3.9780e-18 
		Y- modal participation factor =  -2.7062e-15 
		Z- modal participation factor =   1.7391e-16 
  Node    X-dsp       Y-dsp       Z-dsp       X-rot       Y-rot       Z-rot
     1  -1.181e-03   1.573e+00  -8.388e-03   1.772e-02   4.097e-03   3.337e-03
     2   8.327e-10   1.868e+00  -2.470e-01   1.778e-02   3.948e-12  -9.142e-12
     3   1.181e-03   1.573e+00  -8.388e-03   1.772e-02  -4.097e-03  -3.337e-03
     4   1.541e-01   1.654e+00   1.798e-01  -1.087e-03  -9.747e-03   8.593e-04
     5   9.056e-10   1.571e+00   1.757e-02   9.486e-03  -6.091e-13  -3.028e-11
     6  -1.541e-01   1.654e+00   1.798e-01  -1.087e-03   9.747e-03  -8.593e-04
     7   8.456e-02  -1.145e+00  -3.535e-03   2.375e-02  -1.260e-03  -8.666e-04
     8  -8.456e-02  -1.145e+00  -3.535e-03   2.375e-02   1.260e-03   8.666e-04
     9  -3.333e-10  -9.749e-01   7.403e-03   2.629e-02  -1.527e-11   1.303e-11
    10   3.634e-03  -2.227e+00  -2.617e-13   8.826e-13  -1.488e-12  -3.922e-03
    11  -9.570e-10  -2.598e+00   1.134e-10  -2.476e-13   3.127e-13   1.303e-11
    12  -3.634e-03  -2.227e+00   1.908e-11  -1.343e-12  -2.840e-13   3.922e-03
    13  -1.961e-01  -2.328e+00  -2.367e-10  -2.668e-14   4.400e-14  -1.035e-03
    14  -9.917e-10  -2.220e+00   4.474e-11   1.889e-12   6.481e-13   4.426e-11
    15   1.961e-01  -2.328e+00   3.253e-12  -2.642e-13   4.646e-13   1.035e-03
    16   8.456e-02  -1.145e+00   3.535e-03  -2.375e-02   1.260e-03  -8.666e-04
    17  -8.456e-02  -1.145e+00   3.535e-03  -2.375e-02  -1.260e-03   8.666e-04
    18  -3.380e-10  -9.749e-01  -7.403e-03  -2.629e-02   1.403e-11   1.637e-11
    19  -1.181e-03   1.573e+00   8.388e-03  -1.772e-02  -4.097e-03   3.337e-03
    20   6.766e-10   1.868e+00   2.470e-01  -1.778e-02  -4.362e-12  -6.927e-12
    21   1.181e-03   1.573e+00   8.388e-03  -1.772e-02   4.097e-03  -3.337e-03
    22   1.541e-01   1.654e+00  -1.798e-01   1.087e-03   9.747e-03   8.593e-04
    23   7.430e-10   1.571e+00  -1.757e-02  -9.486e-03  -1.837e-13  -2.249e-11
    24  -1.541e-01   1.654e+00  -1.798e-01   1.087e-03  -9.747e-03  -8.593e-04
  MODE    12:   f= 18.934495 Hz,  T= 0.052814 sec
		X- modal participation factor =  -1.1512e-15 
		Y- modal participation factor =   5.3083e-16 
		Z- modal participation factor =   4.3287e-17 
  Node    X-dsp       Y-dsp       Z-dsp       X-rot       Y-rot       Z-rot
     1   1.315e+00  -1.857e+00  -2.389e-03  -1.522e-02  -1.012e-02   1.328e-02
     2   1.318e+00  -1.028e-06  -8.214e-07   5.680e-09   5.133e-03   1.917e-02
     3   1.315e+00   1.857e+00   2.389e-03   1.522e-02  -1.012e-02   1.328e-02
     4  -4.829e-01   9.230e-01  -9.154e-03  -4.436e-03  -1.492e-03   1.934e-02
     5  -2.247e+00   3.580e-07  -1.649e-07  -6.766e-09   1.970e-02   1.268e-02
     6  -4.829e-01  -9.230e-01   9.155e-03   4.436e-03  -1.492e-03   1.934e-02
     7  -6.989e-01   9.861e-01  -1.008e-03  -2.667e-02  -1.926e-02  -2.444e-03
     8  -6.989e-01  -9.861e-01   1.008e-03   2.667e-02  -1.926e-02  -2.444e-03
     9   1.206e+00   3.785e-07  -1.710e-07   5.376e-09   3.168e-02  -2.458e-03
    10  -1.583e+00   2.206e+00  -4.124e-07   1.789e-08  -1.053e-08  -1.387e-02
    11  -1.587e+00  -4.237e-07  -1.312e-07   3.375e-09  -6.582e-10  -2.373e-02
    12  -1.583e+00  -2.206e+00   3.576e-07  -1.133e-08  -9.267e-09  -1.387e-02
    13   5.396e-01  -1.102e+00  -1.926e-06  -3.113e-09   3.471e-09  -2.387e-02
    14   2.647e+00   8.447e-08  -1.719e-07  -1.425e-09   1.222e-08  -1.346e-02
    15   5.396e-01   1.102e+00   2.609e-06   4.499e-10   5.180e-09  -2.387e-02
    16  -6.989e-01   9.861e-01   1.007e-03   2.667e-02   1.926e-02  -2.444e-03
    17  -6.989e-01  -9.861e-01  -1.007e-03  -2.667e-02   1.926e-02  -2.444e-03
    18   1.206e+00   3.294e-08  -1.775e-07   2.175e-09  -3.168e-02  -2.458e-03
    19   1.315e+00  -1.857e+00   2.389e-03   1.522e-02   1.012e-02   1.328e-02
    20   1.318e+00   2.916e-07   2.947e-07   2.672e-10  -5.133e-03   1.917e-02
    21   1.315e+00   1.857e+00  -2.389e-03  -1.522e-02   1.012e-02   1.328e-02
    22  -4.829e-01   9.230e-01   9.153e-03   4.436e-03   1.492e-03   1.934e-02
    23  -2.247e+00  -9.013e-08  -1.802e-07  -1.593e-09  -1.970e-02   1.268e-02
    24  -4.829e-01  -9.230e-01  -9.153e-03  -4.436e-03   1.492e-03   1.934e-02
  MODE    13:   f= 28.440739 Hz,  T= 0.035161 sec
		X- modal participation factor =  -1.9637e-17 
		Y- modal participation factor =  -3.0141e-17 
		Z- modal participation factor =  -2.1511e-16 
  Node    X-dsp       Y-dsp       Z-dsp       X-rot       Y-rot       Z-rot
     1  -3.948e-03   2.505e-02  -2.215e-01   2.687e-02  -2.192e-02   9.273e-04
     2   4.300e-04   9.891e-02   1.266e+00   2.723e-02   2.259e-06  -4.388e-06
     3   4.797e-03   2.496e-02  -2.215e-01   2.686e-02   2.191e-02  -9.144e-04
     4   4.532e-02   5.766e-02   2.621e+00  -6.303e-03   1.150e-02   2.093e-04
     5   4.641e-04   4.540e-02  -3.444e-01  -4.066e-02   7.560e-07  -1.405e-05
     6  -4.649e-02   5.879e-02   2.622e+00  -6.307e-03  -1.150e-02  -2.057e-04
     7  -1.233e+00  -1.446e+00  -2.465e-01  -5.197e-03   4.260e-03   3.876e-04
     8   1.232e+00  -1.446e+00  -2.465e-01  -5.196e-03  -4.273e-03  -4.003e-04
     9  -2.962e-04   2.258e+00  -3.772e-01   8.433e-03  -9.560e-06   1.352e-05
    10  -6.487e-04  -1.611e-04  -2.630e-01  -2.788e-02   2.411e-02  -1.232e-05
    11  -6.517e-04   1.956e-04  -2.070e+00  -2.826e-02   2.667e-07   9.596e-06
    12  -6.404e-04  -1.558e-05  -2.629e-01  -2.788e-02  -2.411e-02  -1.871e-05
    13   1.901e-03   1.283e-03  -3.737e+00   5.299e-03  -1.356e-02  -3.598e-06
    14  -6.727e-04  -9.275e-05  -3.985e-01   4.325e-02   1.283e-06   3.327e-05
    15   1.416e-03  -1.217e-03  -3.737e+00   5.299e-03   1.356e-02  -5.580e-06
    16   1.232e+00   1.446e+00  -2.465e-01  -5.199e-03   4.272e-03  -4.030e-04
    17  -1.233e+00   1.446e+00  -2.464e-01  -5.200e-03  -4.262e-03   3.870e-04
    18  -3.021e-04  -2.258e+00  -3.772e-01   8.430e-03   7.575e-06   1.713e-05
    19   4.645e-03  -2.470e-02  -2.216e-01   2.686e-02  -2.191e-02  -9.296e-04
    20   2.660e-04  -9.953e-02   1.266e+00   2.722e-02  -3.404e-06  -1.985e-06
    21  -4.121e-03  -2.476e-02  -2.215e-01   2.686e-02   2.192e-02   9.348e-04
    22  -4.676e-02  -5.855e-02   2.622e+00  -6.307e-03   1.150e-02  -2.102e-04
    23   2.936e-04  -4.512e-02  -3.444e-01  -4.066e-02  -3.067e-07  -5.643e-06
    24   4.633e-02  -5.800e-02   2.621e+00  -6.303e-03  -1.150e-02   2.115e-04
  MODE    14:   f= 31.970096 Hz,  T= 0.031279 sec
		X- modal participation factor =   7.0157e-18 
		Y- modal participation factor =  -2.6563e-17 
		Z- modal participation factor =   3.4694e-17 
  Node    X-dsp       Y-dsp       Z-dsp       X-rot       Y-rot       Z-rot
     1   9.799e-04  -1.792e-02   1.008e-01   2.876e-02  -2.710e-02   1.487e-04
     2  -2.919e-04  -1.429e-02   2.233e+00   2.926e-02   4.908e-07   2.055e-06
     3  -1.555e-03  -1.786e-02   1.002e-01   2.878e-02   2.711e-02  -1.540e-04
     4  -2.055e-04  -2.048e-02   4.159e+00  -6.515e-03   1.553e-02   5.033e-05
     5  -2.820e-04  -2.352e-02   1.291e-01  -4.796e-02  -6.504e-06   5.728e-06
     6   7.150e-04  -2.108e-02   4.157e+00  -6.517e-03  -1.553e-02  -5.215e-05
     7  -6.567e-01  -6.785e-01   4.283e-02  -1.037e-02   9.352e-03   1.475e-03
     8   6.576e-01  -6.784e-01   4.230e-02  -1.038e-02  -9.342e-03  -1.453e-03
     9   5.576e-04   1.199e+00   5.473e-02   1.589e-02   1.205e-05  -2.379e-05
    10  -1.477e-02   2.297e-02   2.912e-04  -1.234e-05   4.546e-06   2.410e-03
    11   7.791e-04   2.172e-01   1.833e-04  -2.848e-06   1.419e-06  -1.260e-05
    12   1.631e-02   2.280e-02  -2.402e-04   6.871e-06   5.512e-06  -2.368e-03
    13   1.309e-01   1.211e-01   1.193e-03   2.504e-06  -2.656e-06   5.313e-04
    14   8.034e-04   9.086e-02   1.351e-04   2.025e-06  -8.452e-06  -4.471e-05
    15  -1.354e-01   1.243e-01  -1.762e-03  -1.150e-06  -4.256e-06  -5.189e-04
    16  -6.563e-01  -6.778e-01  -4.224e-02   1.038e-02  -9.352e-03   1.475e-03
    17   6.580e-01  -6.787e-01  -4.279e-02   1.037e-02   9.341e-03  -1.448e-03
    18   4.487e-04   1.199e+00  -5.446e-02  -1.590e-02  -3.212e-06  -2.836e-05
    19   1.194e-03  -1.783e-02  -1.002e-01  -2.877e-02   2.710e-02   1.488e-04
    20  -7.712e-05  -1.465e-02  -2.233e+00  -2.927e-02   6.885e-06  -8.337e-07
    21  -1.343e-03  -1.780e-02  -1.007e-01  -2.877e-02  -2.711e-02  -1.443e-04
    22  -8.853e-04  -2.087e-02  -4.158e+00   6.523e-03  -1.554e-02   5.083e-05
    23  -1.147e-04  -2.345e-02  -1.288e-01   4.796e-02  -7.165e-06  -4.926e-06
    24   4.190e-04  -2.074e-02  -4.158e+00   6.511e-03   1.553e-02  -4.893e-05
M A T R I X    I T E R A T I O N S: 9
There are 14 modes below 31.970096 Hz. ... All 14 modes were found.

